2022-09-21 15:30:53,668 P3113 [INFO] ************************************************************
2022-09-21 15:30:53,668 P3113 [INFO] ConfigSet _OnInstanceBoot
2022-09-21 15:30:53,671 P3113 [INFO] ++++++++++++++++++++++++++++++++++++++++++++++++++++++++++++
2022-09-21 15:30:53,671 P3113 [INFO] Config AWSEBBaseConfig
2022-09-21 15:30:53,810 P3113 [INFO] ============================================================
2022-09-21 15:30:53,810 P3113 [INFO] Command clearbackupfiles
2022-09-21 15:30:53,816 P3113 [INFO] Completed successfully.
2022-09-21 15:30:53,820 P3113 [INFO] ++++++++++++++++++++++++++++++++++++++++++++++++++++++++++++
2022-09-21 15:30:53,820 P3113 [INFO] Config AWSEBCfnHupEndpointOverride
2022-09-21 15:30:53,821 P3113 [INFO] ============================================================
2022-09-21 15:30:53,821 P3113 [INFO] Command clearbackupfiles
2022-09-21 15:30:53,823 P3113 [INFO] Completed successfully.
2022-09-21 15:31:32,577 P3286 [INFO] ************************************************************
2022-09-21 15:31:32,577 P3286 [INFO] ConfigSet Infra-EmbeddedPreBuild
2022-09-21 15:31:48,701 P3433 [INFO] ************************************************************
2022-09-21 15:31:48,702 P3433 [INFO] ConfigSet Infra-EmbeddedPostBuild
2022-09-21 15:36:44,973 P3666 [INFO] ************************************************************
2022-09-21 15:36:44,973 P3666 [INFO] ConfigSet Infra-EmbeddedPreBuild
2022-09-21 15:36:55,540 P3851 [INFO] ************************************************************
2022-09-21 15:36:55,540 P3851 [INFO] ConfigSet Infra-EmbeddedPostBuild
2022-09-21 15:41:17,923 P4157 [INFO] ************************************************************
2022-09-21 15:41:17,923 P4157 [INFO] ConfigSet Infra-EmbeddedPreBuild
2022-09-21 15:41:24,688 P4340 [INFO] ************************************************************
2022-09-21 15:41:24,688 P4340 [INFO] ConfigSet Infra-EmbeddedPostBuild
