[2022-09-21T15:30:52Z] Started EB User Data
+ SLEEP_TIME=10
+ SLEEP_TIME_MAX=3600
+ true
+ curl https://elasticbeanstalk-platform-assets-ap-south-1.s3.ap-south-1.amazonaws.com/stalks/eb_nodejs16_amazon_linux_2_1.0.1652.0_20220826002136/lib/UserDataScript.sh
  % Total    % Received % Xferd  Average Speed   Time    Time     Time  Current
                                 Dload  Upload   Total   Spent    Left  Speed
  0     0    0     0    0     0      0      0 --:--:-- --:--:-- --:--:--     0100  4627  100  4627    0     0  74518      0 --:--:-- --:--:-- --:--:-- 75852
+ RESULT=0
+ [[ 0 -ne 0 ]]
+ SLEEP_TIME=2
+ /bin/bash /tmp/ebbootstrap.sh 'https://cloudformation-waitcondition-ap-south-1.s3.ap-south-1.amazonaws.com/arn%3Aaws%3Acloudformation%3Aap-south-1%3A233051425530%3Astack/awseb-e-vbfsy5fimr-stack/33e92730-39c2-11ed-bb03-06bb2cb5975c/AWSEBInstanceLaunchWaitHandle?X-Amz-Algorithm=AWS4-HMAC-SHA256&X-Amz-Date=20220921T152943Z&X-Amz-SignedHeaders=host&X-Amz-Expires=86399&X-Amz-Credential=AKIARN2TU4VHIL33NBWC%2F20220921%2Fap-south-1%2Fs3%2Faws4_request&X-Amz-Signature=b7d20b8df4728a3a79ef1bac077e6e51bcabc81fefaf3015aa14aa8cdac5e10e' arn:aws:cloudformation:ap-south-1:233051425530:stack/awseb-e-vbfsy5fimr-stack/33e92730-39c2-11ed-bb03-06bb2cb5975c 88c713cd-b057-4e4b-ab66-a1d3c16a8c79 https://elasticbeanstalk-health.ap-south-1.amazonaws.com '' https://elasticbeanstalk-platform-assets-ap-south-1.s3.ap-south-1.amazonaws.com/stalks/eb_nodejs16_amazon_linux_2_1.0.1652.0_20220826002136 ap-south-1
[2022-09-21T15:30:52.941Z] Started EB Bootstrapping Script.
[2022-09-21T15:30:52.960Z] Received parameters:
 TARBALLS = 
 EB_GEMS = 
 SIGNAL_URL = https://cloudformation-waitcondition-ap-south-1.s3.ap-south-1.amazonaws.com/arn%3Aaws%3Acloudformation%3Aap-south-1%3A233051425530%3Astack/awseb-e-vbfsy5fimr-stack/33e92730-39c2-11ed-bb03-06bb2cb5975c/AWSEBInstanceLaunchWaitHandle?X-Amz-Algorithm=AWS4-HMAC-SHA256&X-Amz-Date=20220921T152943Z&X-Amz-SignedHeaders=host&X-Amz-Expires=86399&X-Amz-Credential=AKIARN2TU4VHIL33NBWC%2F20220921%2Fap-south-1%2Fs3%2Faws4_request&X-Amz-Signature=b7d20b8df4728a3a79ef1bac077e6e51bcabc81fefaf3015aa14aa8cdac5e10e
 STACK_ID = arn:aws:cloudformation:ap-south-1:233051425530:stack/awseb-e-vbfsy5fimr-stack/33e92730-39c2-11ed-bb03-06bb2cb5975c
 REGION = ap-south-1
 GUID = 
 HEALTHD_GROUP_ID = 88c713cd-b057-4e4b-ab66-a1d3c16a8c79
 HEALTHD_ENDPOINT = https://elasticbeanstalk-health.ap-south-1.amazonaws.com
 PROXY_SERVER = 
 HEALTHD_PROXY_LOG_LOCATION = 
 PLATFORM_ASSETS_URL = https://elasticbeanstalk-platform-assets-ap-south-1.s3.ap-south-1.amazonaws.com/stalks/eb_nodejs16_amazon_linux_2_1.0.1652.0_20220826002136
[2022-09-21T15:30:53.040Z] engine url is set to https://elasticbeanstalk-platform-assets-ap-south-1.s3.ap-south-1.amazonaws.com/stalks/eb_nodejs16_amazon_linux_2_1.0.1652.0_20220826002136/lib/platform-engine.zip
[2022-09-21T15:30:53.070Z] first init of instance.
[2022-09-21T15:30:53.083Z] Started executing cfn_init _OnInstanceBoot.
[2022-09-21T15:30:53.100Z] Running cfn-init ConfigSet: _OnInstanceBoot.
[2022-09-21T15:30:53.109Z] Using stack-id from userdata
[2022-09-21T15:30:53.849Z] Command Returned: 
[2022-09-21T15:30:53.854Z] Completed executing cfn_init.
[2022-09-21T15:30:53.861Z] finished _OnInstanceBoot
--2022-09-21 15:30:53--  https://elasticbeanstalk-platform-assets-ap-south-1.s3.ap-south-1.amazonaws.com/stalks/eb_nodejs16_amazon_linux_2_1.0.1652.0_20220826002136/lib/platform-engine.zip
Resolving elasticbeanstalk-platform-assets-ap-south-1.s3.ap-south-1.amazonaws.com (elasticbeanstalk-platform-assets-ap-south-1.s3.ap-south-1.amazonaws.com)... 52.219.158.170
Connecting to elasticbeanstalk-platform-assets-ap-south-1.s3.ap-south-1.amazonaws.com (elasticbeanstalk-platform-assets-ap-south-1.s3.ap-south-1.amazonaws.com)|52.219.158.170|:443... connected.
HTTP request sent, awaiting response... 200 OK
Length: 26816590 (26M) [application/zip]
Saving to: ‘/tmp/platform-engine.zip’

     0K .......... .......... .......... .......... ..........  0% 9.09M 3s
    50K .......... .......... .......... .......... ..........  0% 8.81M 3s
   100K .......... .......... .......... .......... ..........  0% 8.10M 3s
   150K .......... .......... .......... .......... ..........  0%  105M 2s
   200K .......... .......... .......... .......... ..........  0% 16.1M 2s
   250K .......... .......... .......... .......... ..........  1% 6.95M 2s
   300K .......... .......... .......... .......... ..........  1%  132M 2s
   350K .......... .......... .......... .......... ..........  1% 6.85M 2s
   400K .......... .......... .......... .......... ..........  1%  123M 2s
   450K .......... .......... .......... .......... ..........  1% 6.93M 2s
   500K .......... .......... .......... .......... ..........  2%  155M 2s
   550K .......... .......... .......... .......... ..........  2% 7.39M 2s
   600K .......... .......... .......... .......... ..........  2% 7.34M 2s
   650K .......... .......... .......... .......... ..........  2%  209M 2s
   700K .......... .......... .......... .......... ..........  2% 7.31M 2s
   750K .......... .......... .......... .......... ..........  3%  218M 2s
   800K .......... .......... .......... .......... ..........  3% 7.24M 2s
   850K .......... .......... .......... .......... ..........  3% 7.28M 2s
   900K .......... .......... .......... .......... ..........  3%  210M 2s
   950K .......... .......... .......... .......... ..........  3%  185M 2s
  1000K .......... .......... .......... .......... ..........  4% 61.8M 2s
  1050K .......... .......... .......... .......... ..........  4%  214M 2s
  1100K .......... .......... .......... .......... ..........  4% 6.83M 2s
  1150K .......... .......... .......... .......... ..........  4% 7.46M 2s
  1200K .......... .......... .......... .......... ..........  4%  229M 2s
  1250K .......... .......... .......... .......... ..........  4% 7.59M 2s
  1300K .......... .......... .......... .......... ..........  5%  232M 2s
  1350K .......... .......... .......... .......... ..........  5% 7.36M 2s
  1400K .......... .......... .......... .......... ..........  5%  258M 2s
  1450K .......... .......... .......... .......... ..........  5%  179M 2s
  1500K .......... .......... .......... .......... ..........  5% 7.48M 2s
  1550K .......... .......... .......... .......... ..........  6%  127M 2s
  1600K .......... .......... .......... .......... ..........  6% 80.7M 2s
  1650K .......... .......... .......... .......... ..........  6%  176M 2s
  1700K .......... .......... .......... .......... ..........  6% 7.45M 2s
  1750K .......... .......... .......... .......... ..........  6%  217M 2s
  1800K .......... .......... .......... .......... ..........  7%  152M 2s
  1850K .......... .......... .......... .......... ..........  7%  277M 2s
  1900K .......... .......... .......... .......... ..........  7% 95.3M 2s
  1950K .......... .......... .......... .......... ..........  7%  110M 1s
  2000K .......... .......... .......... .......... ..........  7%  152M 1s
  2050K .......... .......... .......... .......... ..........  8% 7.36M 1s
  2100K .......... .......... .......... .......... ..........  8%  237M 1s
  2150K .......... .......... .......... .......... ..........  8%  130M 1s
  2200K .......... .......... .......... .......... ..........  8%  195M 1s
  2250K .......... .......... .......... .......... ..........  8% 86.2M 1s
  2300K .......... .......... .......... .......... ..........  8%  129M 1s
  2350K .......... .......... .......... .......... ..........  9%  151M 1s
  2400K .......... .......... .......... .......... ..........  9% 7.25M 1s
  2450K .......... .......... .......... .......... ..........  9%  214M 1s
  2500K .......... .......... .......... .......... ..........  9%  131M 1s
  2550K .......... .......... .......... .......... ..........  9%  235M 1s
  2600K .......... .......... .......... .......... .......... 10%  165M 1s
  2650K .......... .......... .......... .......... .......... 10% 77.5M 1s
  2700K .......... .......... .......... .......... .......... 10%  173M 1s
  2750K .......... .......... .......... .......... .......... 10%  241M 1s
  2800K .......... .......... .......... .......... .......... 10%  181M 1s
  2850K .......... .......... .......... .......... .......... 11%  135M 1s
  2900K .......... .......... .......... .......... .......... 11%  179M 1s
  2950K .......... .......... .......... .......... .......... 11%  198M 1s
  3000K .......... .......... .......... .......... .......... 11%  222M 1s
  3050K .......... .......... .......... .......... .......... 11% 7.20M 1s
  3100K .......... .......... .......... .......... .......... 12%  123M 1s
  3150K .......... .......... .......... .......... .......... 12%  232M 1s
  3200K .......... .......... .......... .......... .......... 12%  177M 1s
  3250K .......... .......... .......... .......... .......... 12%  201M 1s
  3300K .......... .......... .......... .......... .......... 12%  169M 1s
  3350K .......... .......... .......... .......... .......... 12%  141M 1s
  3400K .......... .......... .......... .......... .......... 13%  173M 1s
  3450K .......... .......... .......... .......... .......... 13%  219M 1s
  3500K .......... .......... .......... .......... .......... 13%  188M 1s
  3550K .......... .......... .......... .......... .......... 13%  170M 1s
  3600K .......... .......... .......... .......... .......... 13%  158M 1s
  3650K .......... .......... .......... .......... .......... 14%  138M 1s
  3700K .......... .......... .......... .......... .......... 14%  103M 1s
  3750K .......... .......... .......... .......... .......... 14% 7.45M 1s
  3800K .......... .......... .......... .......... .......... 14%  240M 1s
  3850K .......... .......... .......... .......... .......... 14%  235M 1s
  3900K .......... .......... .......... .......... .......... 15%  145M 1s
  3950K .......... .......... .......... .......... .......... 15%  175M 1s
  4000K .......... .......... .......... .......... .......... 15%  122M 1s
  4050K .......... .......... .......... .......... .......... 15%  209M 1s
  4100K .......... .......... .......... .......... .......... 15%  152M 1s
  4150K .......... .......... .......... .......... .......... 16%  148M 1s
  4200K .......... .......... .......... .......... .......... 16%  138M 1s
  4250K .......... .......... .......... .......... .......... 16%  145M 1s
  4300K .......... .......... .......... .......... .......... 16%  161M 1s
  4350K .......... .......... .......... .......... .......... 16%  188M 1s
  4400K .......... .......... .......... .......... .......... 16%  217M 1s
  4450K .......... .......... .......... .......... .......... 17%  124M 1s
  4500K .......... .......... .......... .......... .......... 17%  161M 1s
  4550K .......... .......... .......... .......... .......... 17% 6.45M 1s
  4600K .......... .......... .......... .......... .......... 17% 91.2M 1s
  4650K .......... .......... .......... .......... .......... 17% 76.6M 1s
  4700K .......... .......... .......... .......... .......... 18% 50.4M 1s
  4750K .......... .......... .......... .......... .......... 18% 66.7M 1s
  4800K .......... .......... .......... .......... .......... 18% 50.6M 1s
  4850K .......... .......... .......... .......... .......... 18% 61.8M 1s
  4900K .......... .......... .......... .......... .......... 18% 54.8M 1s
  4950K .......... .......... .......... .......... .......... 19% 35.5M 1s
  5000K .......... .......... .......... .......... .......... 19% 80.4M 1s
  5050K .......... .......... .......... .......... .......... 19% 59.7M 1s
  5100K .......... .......... .......... .......... .......... 19% 6.20M 1s
  5150K .......... .......... .......... .......... .......... 19% 97.4M 1s
  5200K .......... .......... .......... .......... .......... 20% 84.3M 1s
  5250K .......... .......... .......... .......... .......... 20% 29.6M 1s
  5300K .......... .......... .......... .......... .......... 20% 99.8M 1s
  5350K .......... .......... .......... .......... .......... 20% 85.8M 1s
  5400K .......... .......... .......... .......... .......... 20% 55.8M 1s
  5450K .......... .......... .......... .......... .......... 21% 54.3M 1s
  5500K .......... .......... .......... .......... .......... 21% 34.7M 1s
  5550K .......... .......... .......... .......... .......... 21% 96.0M 1s
  5600K .......... .......... .......... .......... .......... 21% 55.6M 1s
  5650K .......... .......... .......... .......... .......... 21% 41.1M 1s
  5700K .......... .......... .......... .......... .......... 21%  237M 1s
  5750K .......... .......... .......... .......... .......... 22%  254M 1s
  5800K .......... .......... .......... .......... .......... 22%  258M 1s
  5850K .......... .......... .......... .......... .......... 22%  213M 1s
  5900K .......... .......... .......... .......... .......... 22%  119M 1s
  5950K .......... .......... .......... .......... .......... 22%  167M 1s
  6000K .......... .......... .......... .......... .......... 23%  125M 1s
  6050K .......... .......... .......... .......... .......... 23% 52.9M 1s
  6100K .......... .......... .......... .......... .......... 23% 5.96M 1s
  6150K .......... .......... .......... .......... .......... 23%  104M 1s
  6200K .......... .......... .......... .......... .......... 23%  101M 1s
  6250K .......... .......... .......... .......... .......... 24% 64.2M 1s
  6300K .......... .......... .......... .......... .......... 24% 38.4M 1s
  6350K .......... .......... .......... .......... .......... 24% 99.8M 1s
  6400K .......... .......... .......... .......... .......... 24% 62.7M 1s
  6450K .......... .......... .......... .......... .......... 24% 35.3M 1s
  6500K .......... .......... .......... .......... .......... 25%  112M 1s
  6550K .......... .......... .......... .......... .......... 25% 28.6M 1s
  6600K .......... .......... .......... .......... .......... 25% 7.28M 1s
  6650K .......... .......... .......... .......... .......... 25%  109M 1s
  6700K .......... .......... .......... .......... .......... 25% 97.2M 1s
  6750K .......... .......... .......... .......... .......... 25% 95.1M 1s
  6800K .......... .......... .......... .......... .......... 26% 67.3M 1s
  6850K .......... .......... .......... .......... .......... 26% 93.3M 1s
  6900K .......... .......... .......... .......... .......... 26% 90.0M 1s
  6950K .......... .......... .......... .......... .......... 26%  108M 1s
  7000K .......... .......... .......... .......... .......... 26% 96.0M 1s
  7050K .......... .......... .......... .......... .......... 27%  106M 1s
  7100K .......... .......... .......... .......... .......... 27%  104M 1s
  7150K .......... .......... .......... .......... .......... 27%  100M 1s
  7200K .......... .......... .......... .......... .......... 27%  103M 1s
  7250K .......... .......... .......... .......... .......... 27%  101M 1s
  7300K .......... .......... .......... .......... .......... 28%  103M 1s
  7350K .......... .......... .......... .......... .......... 28%  111M 1s
  7400K .......... .......... .......... .......... .......... 28% 94.6M 1s
  7450K .......... .......... .......... .......... .......... 28%  104M 1s
  7500K .......... .......... .......... .......... .......... 28%  104M 1s
  7550K .......... .......... .......... .......... .......... 29% 59.6M 1s
  7600K .......... .......... .......... .......... .......... 29% 90.3M 1s
  7650K .......... .......... .......... .......... .......... 29% 6.51M 1s
  7700K .......... .......... .......... .......... .......... 29%  101M 1s
  7750K .......... .......... .......... .......... .......... 29%  106M 1s
  7800K .......... .......... .......... .......... .......... 29%  120M 1s
  7850K .......... .......... .......... .......... .......... 30%  104M 1s
  7900K .......... .......... .......... .......... .......... 30%  103M 1s
  7950K .......... .......... .......... .......... .......... 30%  105M 1s
  8000K .......... .......... .......... .......... .......... 30%  104M 1s
  8050K .......... .......... .......... .......... .......... 30% 98.3M 1s
  8100K .......... .......... .......... .......... .......... 31% 93.0M 1s
  8150K .......... .......... .......... .......... .......... 31%  101M 1s
  8200K .......... .......... .......... .......... .......... 31% 79.9M 1s
  8250K .......... .......... .......... .......... .......... 31% 24.2M 1s
  8300K .......... .......... .......... .......... .......... 31% 91.4M 1s
  8350K .......... .......... .......... .......... .......... 32% 74.6M 1s
  8400K .......... .......... .......... .......... .......... 32%  103M 1s
  8450K .......... .......... .......... .......... .......... 32% 54.8M 1s
  8500K .......... .......... .......... .......... .......... 32% 66.0M 1s
  8550K .......... .......... .......... .......... .......... 32% 4.91M 1s
  8600K .......... .......... .......... .......... .......... 33%  110M 1s
  8650K .......... .......... .......... .......... .......... 33% 75.5M 1s
  8700K .......... .......... .......... .......... .......... 33%  107M 1s
  8750K .......... .......... .......... .......... .......... 33% 37.2M 1s
  8800K .......... .......... .......... .......... .......... 33% 87.2M 1s
  8850K .......... .......... .......... .......... .......... 33% 63.9M 1s
  8900K .......... .......... .......... .......... .......... 34% 92.9M 1s
  8950K .......... .......... .......... .......... .......... 34% 43.5M 1s
  9000K .......... .......... .......... .......... .......... 34% 81.7M 1s
  9050K .......... .......... .......... .......... .......... 34% 80.2M 1s
  9100K .......... .......... .......... .......... .......... 34% 39.2M 0s
  9150K .......... .......... .......... .......... .......... 35%  101M 0s
  9200K .......... .......... .......... .......... .......... 35% 84.0M 0s
  9250K .......... .......... .......... .......... .......... 35%  104M 0s
  9300K .......... .......... .......... .......... .......... 35% 76.7M 0s
  9350K .......... .......... .......... .......... .......... 35%  102M 0s
  9400K .......... .......... .......... .......... .......... 36% 75.0M 0s
  9450K .......... .......... .......... .......... .......... 36%  108M 0s
  9500K .......... .......... .......... .......... .......... 36%  105M 0s
  9550K .......... .......... .......... .......... .......... 36%  104M 0s
  9600K .......... .......... .......... .......... .......... 36%  103M 0s
  9650K .......... .......... .......... .......... .......... 37%  101M 0s
  9700K .......... .......... .......... .......... .......... 37%  100M 0s
  9750K .......... .......... .......... .......... .......... 37% 5.30M 0s
  9800K .......... .......... .......... .......... .......... 37% 99.3M 0s
  9850K .......... .......... .......... .......... .......... 37% 98.4M 0s
  9900K .......... .......... .......... .......... .......... 37%  116M 0s
  9950K .......... .......... .......... .......... .......... 38% 27.9M 0s
 10000K .......... .......... .......... .......... .......... 38% 96.4M 0s
 10050K .......... .......... .......... .......... .......... 38% 71.4M 0s
 10100K .......... .......... .......... .......... .......... 38% 98.7M 0s
 10150K .......... .......... .......... .......... .......... 38% 73.0M 0s
 10200K .......... .......... .......... .......... .......... 39% 39.1M 0s
 10250K .......... .......... .......... .......... .......... 39% 91.3M 0s
 10300K .......... .......... .......... .......... .......... 39% 82.0M 0s
 10350K .......... .......... .......... .......... .......... 39%  117M 0s
 10400K .......... .......... .......... .......... .......... 39% 37.3M 0s
 10450K .......... .......... .......... .......... .......... 40%  105M 0s
 10500K .......... .......... .......... .......... .......... 40% 73.3M 0s
 10550K .......... .......... .......... .......... .......... 40% 91.5M 0s
 10600K .......... .......... .......... .......... .......... 40% 70.9M 0s
 10650K .......... .......... .......... .......... .......... 40%  103M 0s
 10700K .......... .......... .......... .......... .......... 41%  105M 0s
 10750K .......... .......... .......... .......... .......... 41%  121M 0s
 10800K .......... .......... .......... .......... .......... 41%  104M 0s
 10850K .......... .......... .......... .......... .......... 41%  105M 0s
 10900K .......... .......... .......... .......... .......... 41%  106M 0s
 10950K .......... .......... .......... .......... .......... 42%  105M 0s
 11000K .......... .......... .......... .......... .......... 42%  101M 0s
 11050K .......... .......... .......... .......... .......... 42% 5.00M 0s
 11100K .......... .......... .......... .......... .......... 42%  101M 0s
 11150K .......... .......... .......... .......... .......... 42%  103M 0s
 11200K .......... .......... .......... .......... .......... 42%  117M 0s
 11250K .......... .......... .......... .......... .......... 43% 66.1M 0s
 11300K .......... .......... .......... .......... .......... 43% 70.0M 0s
 11350K .......... .......... .......... .......... .......... 43% 94.2M 0s
 11400K .......... .......... .......... .......... .......... 43% 72.4M 0s
 11450K .......... .......... .......... .......... .......... 43%  103M 0s
 11500K .......... .......... .......... .......... .......... 44%  104M 0s
 11550K .......... .......... .......... .......... .......... 44%  103M 0s
 11600K .......... .......... .......... .......... .......... 44%  118M 0s
 11650K .......... .......... .......... .......... .......... 44% 97.9M 0s
 11700K .......... .......... .......... .......... .......... 44%  104M 0s
 11750K .......... .......... .......... .......... .......... 45%  105M 0s
 11800K .......... .......... .......... .......... .......... 45%  105M 0s
 11850K .......... .......... .......... .......... .......... 45% 99.9M 0s
 11900K .......... .......... .......... .......... .......... 45%  102M 0s
 11950K .......... .......... .......... .......... .......... 45% 99.1M 0s
 12000K .......... .......... .......... .......... .......... 46% 71.2M 0s
 12050K .......... .......... .......... .......... .......... 46%  101M 0s
 12100K .......... .......... .......... .......... .......... 46% 89.5M 0s
 12150K .......... .......... .......... .......... .......... 46%  116M 0s
 12200K .......... .......... .......... .......... .......... 46%  117M 0s
 12250K .......... .......... .......... .......... .......... 46%  113M 0s
 12300K .......... .......... .......... .......... .......... 47%  100M 0s
 12350K .......... .......... .......... .......... .......... 47%  112M 0s
 12400K .......... .......... .......... .......... .......... 47%  114M 0s
 12450K .......... .......... .......... .......... .......... 47%  117M 0s
 12500K .......... .......... .......... .......... .......... 47% 98.6M 0s
 12550K .......... .......... .......... .......... .......... 48%  114M 0s
 12600K .......... .......... .......... .......... .......... 48%  111M 0s
 12650K .......... .......... .......... .......... .......... 48%  116M 0s
 12700K .......... .......... .......... .......... .......... 48% 80.0M 0s
 12750K .......... .......... .......... .......... .......... 48% 4.94M 0s
 12800K .......... .......... .......... .......... .......... 49% 57.9M 0s
 12850K .......... .......... .......... .......... .......... 49% 60.4M 0s
 12900K .......... .......... .......... .......... .......... 49% 22.6M 0s
 12950K .......... .......... .......... .......... .......... 49%  116M 0s
 13000K .......... .......... .......... .......... .......... 49% 88.1M 0s
 13050K .......... .......... .......... .......... .......... 50%  115M 0s
 13100K .......... .......... .......... .......... .......... 50% 74.0M 0s
 13150K .......... .......... .......... .......... .......... 50%  116M 0s
 13200K .......... .......... .......... .......... .......... 50% 75.2M 0s
 13250K .......... .......... .......... .......... .......... 50%  114M 0s
 13300K .......... .......... .......... .......... .......... 50% 22.5M 0s
 13350K .......... .......... .......... .......... .......... 51%  107M 0s
 13400K .......... .......... .......... .......... .......... 51%  114M 0s
 13450K .......... .......... .......... .......... .......... 51% 67.0M 0s
 13500K .......... .......... .......... .......... .......... 51% 33.4M 0s
 13550K .......... .......... .......... .......... .......... 51% 5.35M 0s
 13600K .......... .......... .......... .......... .......... 52%  116M 0s
 13650K .......... .......... .......... .......... .......... 52% 76.4M 0s
 13700K .......... .......... .......... .......... .......... 52% 80.5M 0s
 13750K .......... .......... .......... .......... .......... 52% 32.7M 0s
 13800K .......... .......... .......... .......... .......... 52% 89.3M 0s
 13850K .......... .......... .......... .......... .......... 53% 38.7M 0s
 13900K .......... .......... .......... .......... .......... 53% 95.3M 0s
 13950K .......... .......... .......... .......... .......... 53% 85.2M 0s
 14000K .......... .......... .......... .......... .......... 53% 39.6M 0s
 14050K .......... .......... .......... .......... .......... 53%  111M 0s
 14100K .......... .......... .......... .......... .......... 54% 89.9M 0s
 14150K .......... .......... .......... .......... .......... 54% 84.4M 0s
 14200K .......... .......... .......... .......... .......... 54%  116M 0s
 14250K .......... .......... .......... .......... .......... 54%  115M 0s
 14300K .......... .......... .......... .......... .......... 54% 96.0M 0s
 14350K .......... .......... .......... .......... .......... 54%  117M 0s
 14400K .......... .......... .......... .......... .......... 55%  115M 0s
 14450K .......... .......... .......... .......... .......... 55%  108M 0s
 14500K .......... .......... .......... .......... .......... 55%  104M 0s
 14550K .......... .......... .......... .......... .......... 55% 72.6M 0s
 14600K .......... .......... .......... .......... .......... 55% 93.9M 0s
 14650K .......... .......... .......... .......... .......... 56% 95.5M 0s
 14700K .......... .......... .......... .......... .......... 56% 5.04M 0s
 14750K .......... .......... .......... .......... .......... 56% 35.7M 0s
 14800K .......... .......... .......... .......... .......... 56%  114M 0s
 14850K .......... .......... .......... .......... .......... 56%  105M 0s
 14900K .......... .......... .......... .......... .......... 57% 77.3M 0s
 14950K .......... .......... .......... .......... .......... 57% 86.8M 0s
 15000K .......... .......... .......... .......... .......... 57%  102M 0s
 15050K .......... .......... .......... .......... .......... 57%  117M 0s
 15100K .......... .......... .......... .......... .......... 57%  100M 0s
 15150K .......... .......... .......... .......... .......... 58%  118M 0s
 15200K .......... .......... .......... .......... .......... 58%  115M 0s
 15250K .......... .......... .......... .......... .......... 58%  113M 0s
 15300K .......... .......... .......... .......... .......... 58% 96.6M 0s
 15350K .......... .......... .......... .......... .......... 58% 68.5M 0s
 15400K .......... .......... .......... .......... .......... 58%  105M 0s
 15450K .......... .......... .......... .......... .......... 59%  118M 0s
 15500K .......... .......... .......... .......... .......... 59% 99.6M 0s
 15550K .......... .......... .......... .......... .......... 59%  118M 0s
 15600K .......... .......... .......... .......... .......... 59%  118M 0s
 15650K .......... .......... .......... .......... .......... 59%  118M 0s
 15700K .......... .......... .......... .......... .......... 60%  102M 0s
 15750K .......... .......... .......... .......... .......... 60%  106M 0s
 15800K .......... .......... .......... .......... .......... 60%  114M 0s
 15850K .......... .......... .......... .......... .......... 60% 92.9M 0s
 15900K .......... .......... .......... .......... .......... 60% 68.9M 0s
 15950K .......... .......... .......... .......... .......... 61% 99.2M 0s
 16000K .......... .......... .......... .......... .......... 61% 5.79M 0s
 16050K .......... .......... .......... .......... .......... 61%  116M 0s
 16100K .......... .......... .......... .......... .......... 61%  102M 0s
 16150K .......... .......... .......... .......... .......... 61%  109M 0s
 16200K .......... .......... .......... .......... .......... 62%  117M 0s
 16250K .......... .......... .......... .......... .......... 62%  113M 0s
 16300K .......... .......... .......... .......... .......... 62%  100M 0s
 16350K .......... .......... .......... .......... .......... 62%  117M 0s
 16400K .......... .......... .......... .......... .......... 62%  107M 0s
 16450K .......... .......... .......... .......... .......... 63%  114M 0s
 16500K .......... .......... .......... .......... .......... 63% 59.2M 0s
 16550K .......... .......... .......... .......... .......... 63% 91.1M 0s
 16600K .......... .......... .......... .......... .......... 63%  116M 0s
 16650K .......... .......... .......... .......... .......... 63% 99.1M 0s
 16700K .......... .......... .......... .......... .......... 63%  101M 0s
 16750K .......... .......... .......... .......... .......... 64%  115M 0s
 16800K .......... .......... .......... .......... .......... 64%  118M 0s
 16850K .......... .......... .......... .......... .......... 64%  115M 0s
 16900K .......... .......... .......... .......... .......... 64%  103M 0s
 16950K .......... .......... .......... .......... .......... 64%  116M 0s
 17000K .......... .......... .......... .......... .......... 65%  111M 0s
 17050K .......... .......... .......... .......... .......... 65%  116M 0s
 17100K .......... .......... .......... .......... .......... 65% 87.4M 0s
 17150K .......... .......... .......... .......... .......... 65%  116M 0s
 17200K .......... .......... .......... .......... .......... 65% 55.6M 0s
 17250K .......... .......... .......... .......... .......... 66% 97.9M 0s
 17300K .......... .......... .......... .......... .......... 66%  101M 0s
 17350K .......... .......... .......... .......... .......... 66%  117M 0s
 17400K .......... .......... .......... .......... .......... 66%  110M 0s
 17450K .......... .......... .......... .......... .......... 66%  109M 0s
 17500K .......... .......... .......... .......... .......... 67% 5.90M 0s
 17550K .......... .......... .......... .......... .......... 67%  115M 0s
 17600K .......... .......... .......... .......... .......... 67%  117M 0s
 17650K .......... .......... .......... .......... .......... 67%  112M 0s
 17700K .......... .......... .......... .......... .......... 67%  104M 0s
 17750K .......... .......... .......... .......... .......... 67%  117M 0s
 17800K .......... .......... .......... .......... .......... 68%  115M 0s
 17850K .......... .......... .......... .......... .......... 68%  103M 0s
 17900K .......... .......... .......... .......... .......... 68% 81.8M 0s
 17950K .......... .......... .......... .......... .......... 68% 70.3M 0s
 18000K .......... .......... .......... .......... .......... 68%  115M 0s
 18050K .......... .......... .......... .......... .......... 69% 93.0M 0s
 18100K .......... .......... .......... .......... .......... 69%  100M 0s
 18150K .......... .......... .......... .......... .......... 69%  117M 0s
 18200K .......... .......... .......... .......... .......... 69%  115M 0s
 18250K .......... .......... .......... .......... .......... 69%  109M 0s
 18300K .......... .......... .......... .......... .......... 70%  101M 0s
 18350K .......... .......... .......... .......... .......... 70%  113M 0s
 18400K .......... .......... .......... .......... .......... 70%  117M 0s
 18450K .......... .......... .......... .......... .......... 70%  117M 0s
 18500K .......... .......... .......... .......... .......... 70%  101M 0s
 18550K .......... .......... .......... .......... .......... 71%  117M 0s
 18600K .......... .......... .......... .......... .......... 71%  110M 0s
 18650K .......... .......... .......... .......... .......... 71%  114M 0s
 18700K .......... .......... .......... .......... .......... 71% 55.2M 0s
 18750K .......... .......... .......... .......... .......... 71% 30.3M 0s
 18800K .......... .......... .......... .......... .......... 71%  117M 0s
 18850K .......... .......... .......... .......... .......... 72% 90.4M 0s
 18900K .......... .......... .......... .......... .......... 72%  102M 0s
 18950K .......... .......... .......... .......... .......... 72% 5.03M 0s
 19000K .......... .......... .......... .......... .......... 72%  112M 0s
 19050K .......... .......... .......... .......... .......... 72% 67.7M 0s
 19100K .......... .......... .......... .......... .......... 73% 68.2M 0s
 19150K .......... .......... .......... .......... .......... 73% 56.7M 0s
 19200K .......... .......... .......... .......... .......... 73%  100M 0s
 19250K .......... .......... .......... .......... .......... 73% 74.5M 0s
 19300K .......... .......... .......... .......... .......... 73% 29.8M 0s
 19350K .......... .......... .......... .......... .......... 74% 76.0M 0s
 19400K .......... .......... .......... .......... .......... 74% 84.1M 0s
 19450K .......... .......... .......... .......... .......... 74%  103M 0s
 19500K .......... .......... .......... .......... .......... 74% 59.2M 0s
 19550K .......... .......... .......... .......... .......... 74%  103M 0s
 19600K .......... .......... .......... .......... .......... 75% 69.8M 0s
 19650K .......... .......... .......... .......... .......... 75% 93.8M 0s
 19700K .......... .......... .......... .......... .......... 75% 62.1M 0s
 19750K .......... .......... .......... .......... .......... 75%  100M 0s
 19800K .......... .......... .......... .......... .......... 75% 36.9M 0s
 19850K .......... .......... .......... .......... .......... 75%  115M 0s
 19900K .......... .......... .......... .......... .......... 76% 60.6M 0s
 19950K .......... .......... .......... .......... .......... 76%  108M 0s
 20000K .......... .......... .......... .......... .......... 76% 77.0M 0s
 20050K .......... .......... .......... .......... .......... 76% 5.53M 0s
 20100K .......... .......... .......... .......... .......... 76%  102M 0s
 20150K .......... .......... .......... .......... .......... 77% 30.7M 0s
 20200K .......... .......... .......... .......... .......... 77%  115M 0s
 20250K .......... .......... .......... .......... .......... 77%  104M 0s
 20300K .......... .......... .......... .......... .......... 77% 57.4M 0s
 20350K .......... .......... .......... .......... .......... 77% 72.0M 0s
 20400K .......... .......... .......... .......... .......... 78% 87.9M 0s
 20450K .......... .......... .......... .......... .......... 78% 34.4M 0s
 20500K .......... .......... .......... .......... .......... 78%  254M 0s
 20550K .......... .......... .......... .......... .......... 78%  312M 0s
 20600K .......... .......... .......... .......... .......... 78%  311M 0s
 20650K .......... .......... .......... .......... .......... 79%  313M 0s
 20700K .......... .......... .......... .......... .......... 79% 72.6M 0s
 20750K .......... .......... .......... .......... .......... 79%  108M 0s
 20800K .......... .......... .......... .......... .......... 79% 81.8M 0s
 20850K .......... .......... .......... .......... .......... 79% 75.8M 0s
 20900K .......... .......... .......... .......... .......... 79% 39.3M 0s
 20950K .......... .......... .......... .......... .......... 80%  118M 0s
 21000K .......... .......... .......... .......... .......... 80% 61.0M 0s
 21050K .......... .......... .......... .......... .......... 80%  104M 0s
 21100K .......... .......... .......... .......... .......... 80% 36.6M 0s
 21150K .......... .......... .......... .......... .......... 80%  113M 0s
 21200K .......... .......... .......... .......... .......... 81% 62.7M 0s
 21250K .......... .......... .......... .......... .......... 81% 5.32M 0s
 21300K .......... .......... .......... .......... .......... 81%  101M 0s
 21350K .......... .......... .......... .......... .......... 81% 32.4M 0s
 21400K .......... .......... .......... .......... .......... 81%  115M 0s
 21450K .......... .......... .......... .......... .......... 82%  104M 0s
 21500K .......... .......... .......... .......... .......... 82% 94.7M 0s
 21550K .......... .......... .......... .......... .......... 82%  114M 0s
 21600K .......... .......... .......... .......... .......... 82%  116M 0s
 21650K .......... .......... .......... .......... .......... 82%  116M 0s
 21700K .......... .......... .......... .......... .......... 83%  103M 0s
 21750K .......... .......... .......... .......... .......... 83%  117M 0s
 21800K .......... .......... .......... .......... .......... 83%  118M 0s
 21850K .......... .......... .......... .......... .......... 83%  118M 0s
 21900K .......... .......... .......... .......... .......... 83% 98.7M 0s
 21950K .......... .......... .......... .......... .......... 84%  104M 0s
 22000K .......... .......... .......... .......... .......... 84%  115M 0s
 22050K .......... .......... .......... .......... .......... 84%  113M 0s
 22100K .......... .......... .......... .......... .......... 84%  103M 0s
 22150K .......... .......... .......... .......... .......... 84%  116M 0s
 22200K .......... .......... .......... .......... .......... 84%  117M 0s
 22250K .......... .......... .......... .......... .......... 85%  115M 0s
 22300K .......... .......... .......... .......... .......... 85% 99.1M 0s
 22350K .......... .......... .......... .......... .......... 85%  112M 0s
 22400K .......... .......... .......... .......... .......... 85%  111M 0s
 22450K .......... .......... .......... .......... .......... 85%  112M 0s
 22500K .......... .......... .......... .......... .......... 86%  101M 0s
 22550K .......... .......... .......... .......... .......... 86%  114M 0s
 22600K .......... .......... .......... .......... .......... 86%  113M 0s
 22650K .......... .......... .......... .......... .......... 86% 6.75M 0s
 22700K .......... .......... .......... .......... .......... 86% 99.7M 0s
 22750K .......... .......... .......... .......... .......... 87%  115M 0s
 22800K .......... .......... .......... .......... .......... 87%  117M 0s
 22850K .......... .......... .......... .......... .......... 87%  117M 0s
 22900K .......... .......... .......... .......... .......... 87%  103M 0s
 22950K .......... .......... .......... .......... .......... 87%  117M 0s
 23000K .......... .......... .......... .......... .......... 88%  107M 0s
 23050K .......... .......... .......... .......... .......... 88%  115M 0s
 23100K .......... .......... .......... .......... .......... 88% 97.9M 0s
 23150K .......... .......... .......... .......... .......... 88%  114M 0s
 23200K .......... .......... .......... .......... .......... 88%  111M 0s
 23250K .......... .......... .......... .......... .......... 88%  117M 0s
 23300K .......... .......... .......... .......... .......... 89%  104M 0s
 23350K .......... .......... .......... .......... .......... 89%  115M 0s
 23400K .......... .......... .......... .......... .......... 89%  117M 0s
 23450K .......... .......... .......... .......... .......... 89%  109M 0s
 23500K .......... .......... .......... .......... .......... 89% 98.7M 0s
 23550K .......... .......... .......... .......... .......... 90%  109M 0s
 23600K .......... .......... .......... .......... .......... 90%  114M 0s
 23650K .......... .......... .......... .......... .......... 90%  112M 0s
 23700K .......... .......... .......... .......... .......... 90%  102M 0s
 23750K .......... .......... .......... .......... .......... 90%  117M 0s
 23800K .......... .......... .......... .......... .......... 91%  114M 0s
 23850K .......... .......... .......... .......... .......... 91%  111M 0s
 23900K .......... .......... .......... .......... .......... 91% 91.2M 0s
 23950K .......... .......... .......... .......... .......... 91%  107M 0s
 24000K .......... .......... .......... .......... .......... 91% 7.81M 0s
 24050K .......... .......... .......... .......... .......... 92%  113M 0s
 24100K .......... .......... .......... .......... .......... 92% 97.0M 0s
 24150K .......... .......... .......... .......... .......... 92%  115M 0s
 24200K .......... .......... .......... .......... .......... 92%  113M 0s
 24250K .......... .......... .......... .......... .......... 92%  116M 0s
 24300K .......... .......... .......... .......... .......... 92%  100M 0s
 24350K .......... .......... .......... .......... .......... 93%  114M 0s
 24400K .......... .......... .......... .......... .......... 93%  114M 0s
 24450K .......... .......... .......... .......... .......... 93%  114M 0s
 24500K .......... .......... .......... .......... .......... 93% 99.4M 0s
 24550K .......... .......... .......... .......... .......... 93%  111M 0s
 24600K .......... .......... .......... .......... .......... 94%  113M 0s
 24650K .......... .......... .......... .......... .......... 94%  115M 0s
 24700K .......... .......... .......... .......... .......... 94% 96.1M 0s
 24750K .......... .......... .......... .......... .......... 94%  116M 0s
 24800K .......... .......... .......... .......... .......... 94%  115M 0s
 24850K .......... .......... .......... .......... .......... 95%  116M 0s
 24900K .......... .......... .......... .......... .......... 95%  101M 0s
 24950K .......... .......... .......... .......... .......... 95%  113M 0s
 25000K .......... .......... .......... .......... .......... 95%  117M 0s
 25050K .......... .......... .......... .......... .......... 95%  109M 0s
 25100K .......... .......... .......... .......... .......... 96% 98.9M 0s
 25150K .......... .......... .......... .......... .......... 96%  117M 0s
 25200K .......... .......... .......... .......... .......... 96% 7.45M 0s
 25250K .......... .......... .......... .......... .......... 96%  105M 0s
 25300K .......... .......... .......... .......... .......... 96%  100M 0s
 25350K .......... .......... .......... .......... .......... 96%  116M 0s
 25400K .......... .......... .......... .......... .......... 97%  117M 0s
 25450K .......... .......... .......... .......... .......... 97%  113M 0s
 25500K .......... .......... .......... .......... .......... 97% 96.4M 0s
 25550K .......... .......... .......... .......... .......... 97%  116M 0s
 25600K .......... .......... .......... .......... .......... 97%  114M 0s
 25650K .......... .......... .......... .......... .......... 98%  114M 0s
 25700K .......... .......... .......... .......... .......... 98% 96.5M 0s
 25750K .......... .......... .......... .......... .......... 98%  114M 0s
 25800K .......... .......... .......... .......... .......... 98%  112M 0s
 25850K .......... .......... .......... .......... .......... 98%  115M 0s
 25900K .......... .......... .......... .......... .......... 99% 94.8M 0s
 25950K .......... .......... .......... .......... .......... 99%  110M 0s
 26000K .......... .......... .......... .......... .......... 99%  115M 0s
 26050K .......... .......... .......... .......... .......... 99%  112M 0s
 26100K .......... .......... .......... .......... .......... 99% 91.6M 0s
 26150K .......... .......... .......... ........             100%  116M=0.6s

2022-09-21 15:30:54 (45.7 MB/s) - ‘/tmp/platform-engine.zip’ saved [26816590/26816590]

Archive:  /tmp/platform-engine.zip
  inflating: /opt/elasticbeanstalk/bin/platform-engine  
  inflating: /opt/elasticbeanstalk/bin/publishlogs  
  inflating: /opt/elasticbeanstalk/bin/get-config  
  inflating: /opt/elasticbeanstalk/bin/pkg-repo  
  inflating: /opt/elasticbeanstalk/config/private/aws-eb-command-handler.conf  
  inflating: /opt/elasticbeanstalk/config/private/aws-eb.target  
  inflating: /opt/elasticbeanstalk/config/private/beanstalk-magic  
  inflating: /opt/elasticbeanstalk/config/private/cfn-hup-wrapper  
  inflating: /opt/elasticbeanstalk/config/private/cfn-hup.conf.template  
  inflating: /opt/elasticbeanstalk/config/private/containercommandsupport/container-defaults.sh  
  inflating: /opt/elasticbeanstalk/config/private/containercommandsupport/leader-test.sh  
  inflating: /opt/elasticbeanstalk/config/private/eb-banner  
  inflating: /opt/elasticbeanstalk/config/private/guidlocking/repo.py  
  inflating: /opt/elasticbeanstalk/config/private/healthd/config.yaml.template  
  inflating: /opt/elasticbeanstalk/config/private/healthd/healthd_httpd.conf  
  inflating: /opt/elasticbeanstalk/config/private/healthd/healthd_logformat.conf  
  inflating: /opt/elasticbeanstalk/config/private/healthd/healthd_nginx.conf  
  inflating: /opt/elasticbeanstalk/config/private/healthd/healthddependency  
  inflating: /opt/elasticbeanstalk/config/private/healthd/logcleanup-cron.template  
  inflating: /opt/elasticbeanstalk/config/private/httpd/applicationport.conf.template  
  inflating: /opt/elasticbeanstalk/config/private/httpd/gzip.conf  
  inflating: /opt/elasticbeanstalk/config/private/httpd/httpd.conf.template  
  inflating: /opt/elasticbeanstalk/config/private/httpd/staticfilesmapping.conf.template  
  inflating: /opt/elasticbeanstalk/config/private/logrotate/logrotate-cron.template  
  inflating: /opt/elasticbeanstalk/config/private/logrotate/logrotate.template  
  inflating: /opt/elasticbeanstalk/config/private/logtasks/cron/publishlogs  
  inflating: /opt/elasticbeanstalk/config/private/nginx/applicationport.conf.template  
  inflating: /opt/elasticbeanstalk/config/private/nginx/nginx.conf.template  
  inflating: /opt/elasticbeanstalk/config/private/nginx/staticfilesmapping.conf.template  
 extracting: /opt/elasticbeanstalk/config/private/restartcfn.sh  
  inflating: /opt/elasticbeanstalk/config/private/restartcloudwatchagent.sh  
  inflating: /opt/elasticbeanstalk/config/private/rsyslog.conf.template  
  inflating: /opt/elasticbeanstalk/config/private/ruby_common_env  
  inflating: /opt/elasticbeanstalk/config/private/sqsd/default.yaml.template  
  inflating: /opt/elasticbeanstalk/config/private/sqsd/sqsdversion.json  
  inflating: /opt/elasticbeanstalk/config/private/systemd-append.template  
  inflating: /opt/elasticbeanstalk/config/private/systemd.template  
  inflating: /opt/elasticbeanstalk/tasks/bundlelogs.d/cfn-system.conf  
 extracting: /opt/elasticbeanstalk/tasks/bundlelogs.d/cloud-init-system.conf  
  inflating: /opt/elasticbeanstalk/tasks/bundlelogs.d/eb-app.conf  
 extracting: /opt/elasticbeanstalk/tasks/bundlelogs.d/eb-hooks.conf  
  inflating: /opt/elasticbeanstalk/tasks/bundlelogs.d/eb-system.conf  
 extracting: /opt/elasticbeanstalk/tasks/bundlelogs.d/rotate.conf  
  inflating: /opt/elasticbeanstalk/tasks/bundlelogs.d/system.conf  
 extracting: /opt/elasticbeanstalk/tasks/publishlogs.d/eb-app.conf  
  inflating: /opt/elasticbeanstalk/tasks/taillogs.d/eb-app.conf  
  inflating: /opt/elasticbeanstalk/tasks/taillogs.d/eb-engine.conf  
[2022-09-21T15:30:57.958Z] Successfully bootstrapped instance.
[2022-09-21T15:30:57.985Z] Sending signal 0 to CFN wait condition https://cloudformation-waitcondition-ap-south-1.s3.ap-south-1.amazonaws.com/arn%3Aaws%3Acloudformation%3Aap-south-1%3A233051425530%3Astack/awseb-e-vbfsy5fimr-stack/33e92730-39c2-11ed-bb03-06bb2cb5975c/AWSEBInstanceLaunchWaitHandle?X-Amz-Algorithm=AWS4-HMAC-SHA256&X-Amz-Date=20220921T152943Z&X-Amz-SignedHeaders=host&X-Amz-Expires=86399&X-Amz-Credential=AKIARN2TU4VHIL33NBWC%2F20220921%2Fap-south-1%2Fs3%2Faws4_request&X-Amz-Signature=b7d20b8df4728a3a79ef1bac077e6e51bcabc81fefaf3015aa14aa8cdac5e10e
CloudFormation signaled successfully with %s.
[2022-09-21T15:30:58.815Z] Tailing /var/log/eb-commandprocessor.log

******************* eb-commandprocessor taillog *******************
***eb-commandprocessor is not available yet.***
******************* End of taillog *******************


[2022-09-21T15:30:58.833Z] Tailing /var/log/eb-activity.log

******************* eb-activity taillog *******************
***eb-activity is not available yet.***
******************* End of taillog *******************


[2022-09-21T15:30:58.849Z] Tailing /var/log/eb-tools.log

******************* eb-tools taillog *******************
***eb-tools is not available yet.***
******************* End of taillog *******************


[2022-09-21T15:30:58.870Z] Tailing /var/log/eb-version-deployment.log

******************* eb-version-deployment taillog *******************
***eb-version-deployment is not available yet.***
******************* End of taillog *******************


[2022-09-21T15:30:58.883Z] Tailing /var/log/cfn-init.log

******************* cfn-init taillog *******************
2022-09-21 15:30:53,659 [INFO] -----------------------Starting build-----------------------
2022-09-21 15:30:53,665 [INFO] Running configSets: _OnInstanceBoot
2022-09-21 15:30:53,668 [INFO] Running configSet _OnInstanceBoot
2022-09-21 15:30:53,671 [INFO] Running config AWSEBBaseConfig
2022-09-21 15:30:53,816 [INFO] Command clearbackupfiles succeeded
2022-09-21 15:30:53,820 [INFO] Running config AWSEBCfnHupEndpointOverride
2022-09-21 15:30:53,823 [INFO] Command clearbackupfiles succeeded
2022-09-21 15:30:53,825 [INFO] ConfigSets completed
2022-09-21 15:30:53,825 [INFO] -----------------------Build complete-----------------------
******************* End of taillog *******************


[2022-09-21T15:30:58.901Z] Tailing /var/log/cfn-hup.log

******************* cfn-hup taillog *******************
2022-09-21 15:30:58,557 [DEBUG] CloudFormation client initialized with endpoint https://cloudformation.ap-south-1.amazonaws.com
2022-09-21 15:30:58,558 [DEBUG] SQS client initialized with endpoint https://sqs.ap-south-1.amazonaws.com
2022-09-21 15:30:58,558 [DEBUG] CloudFormation client initialized with endpoint https://cloudformation.ap-south-1.amazonaws.com
2022-09-21 15:30:58,558 [DEBUG] Enabled single threading mode.
2022-09-21 15:30:58,558 [DEBUG] Creating /var/lib/cfn-hup/data
2022-09-21 15:30:58,574 [INFO] No umask value specified in config file. Using the default one: 0o22
******************* End of taillog *******************


[2022-09-21T15:30:58.923Z] Completed EB Bootstrapping Script.
+ RESULT=0
+ [[ 0 -ne 0 ]]
+ exit 0
