# Logfile created on 2022-09-21 15:31:47 +0000 by logger.rb/66358
A, [2022-09-21T15:31:48.401981 #3412]   ANY -- : healthd daemon 1.0.6 initialized
W, [2022-09-21T15:31:48.504687 #3412]  WARN -- : log file "/var/log/nginx/healthd/application.log.2022-09-21-15" does not exist
F, [2022-09-21T15:36:53.677743 #3412] FATAL -- : /opt/elasticbeanstalk/lib/ruby/lib/ruby/gems/2.6.0/gems/puma-5.3.2/lib/puma/launcher.rb:476:in `block in setup_signals': SIGTERM (SignalException)
	from /opt/elasticbeanstalk/lib/ruby/lib/ruby/gems/2.6.0/gems/puma-5.3.2/lib/puma/single.rb:61:in `join'
	from /opt/elasticbeanstalk/lib/ruby/lib/ruby/gems/2.6.0/gems/puma-5.3.2/lib/puma/single.rb:61:in `run'
	from /opt/elasticbeanstalk/lib/ruby/lib/ruby/gems/2.6.0/gems/puma-5.3.2/lib/puma/launcher.rb:181:in `run'
	from /opt/elasticbeanstalk/lib/ruby/lib/ruby/gems/2.6.0/gems/puma-5.3.2/lib/puma/cli.rb:80:in `run'
	from /opt/elasticbeanstalk/lib/ruby/lib/ruby/gems/2.6.0/gems/healthd-1.0.6/bin/healthd:112:in `block in <top (required)>'
	from /opt/elasticbeanstalk/lib/ruby/lib/ruby/gems/2.6.0/gems/healthd-1.0.6/bin/healthd:19:in `chdir'
	from /opt/elasticbeanstalk/lib/ruby/lib/ruby/gems/2.6.0/gems/healthd-1.0.6/bin/healthd:19:in `<top (required)>'
	from /opt/elasticbeanstalk/lib/ruby/bin/healthd:23:in `load'
	from /opt/elasticbeanstalk/lib/ruby/bin/healthd:23:in `<main>'
A, [2022-09-21T15:36:54.961321 #3820]   ANY -- : healthd daemon 1.0.6 initialized
W, [2022-09-21T15:37:05.065487 #3820]  WARN -- : discarding statistic item after validation error (Invalid timestamp): {:id=>"0", :namespace=>"application", :timestamp=>1663774360, :data=>"{\"duration\":10,\"latency_histogram\":[[0.001,2]],\"http_counters\":{\"status_404\":2,\"request_count\":2}}"}
W, [2022-09-21T15:37:05.065565 #3820]  WARN -- : discarding statistic item after validation error (Invalid timestamp): {:id=>"1", :namespace=>"application", :timestamp=>1663774380, :data=>"{\"duration\":10,\"latency_histogram\":[[0.001,1],[0.002,1]],\"http_counters\":{\"status_404\":2,\"request_count\":2}}"}
W, [2022-09-21T15:37:05.065595 #3820]  WARN -- : discarding statistic item after validation error (Invalid timestamp): {:id=>"2", :namespace=>"application", :timestamp=>1663774390, :data=>"{\"duration\":10,\"latency_histogram\":[[0.001,1],[0.002,1]],\"http_counters\":{\"status_404\":2,\"request_count\":2}}"}
W, [2022-09-21T15:37:05.065619 #3820]  WARN -- : discarding statistic item after validation error (Invalid timestamp): {:id=>"3", :namespace=>"application", :timestamp=>1663774410, :data=>"{\"duration\":10,\"latency_histogram\":[[0.001,2]],\"http_counters\":{\"status_404\":2,\"request_count\":2}}"}
W, [2022-09-21T15:37:05.065641 #3820]  WARN -- : discarding statistic item after validation error (Invalid timestamp): {:id=>"4", :namespace=>"application", :timestamp=>1663774420, :data=>"{\"duration\":10,\"latency_histogram\":[[0.001,1],[0.002,1]],\"http_counters\":{\"status_404\":2,\"request_count\":2}}"}
W, [2022-09-21T15:37:05.065664 #3820]  WARN -- : discarding statistic item after validation error (Invalid timestamp): {:id=>"5", :namespace=>"application", :timestamp=>1663774440, :data=>"{\"duration\":10,\"latency_histogram\":[[0.001,1],[0.002,1]],\"http_counters\":{\"status_404\":2,\"request_count\":2}}"}
W, [2022-09-21T15:37:05.065686 #3820]  WARN -- : discarding statistic item after validation error (Invalid timestamp): {:id=>"6", :namespace=>"application", :timestamp=>1663774450, :data=>"{\"duration\":10,\"latency_histogram\":[[0.001,2]],\"http_counters\":{\"status_404\":2,\"request_count\":2}}"}
W, [2022-09-21T15:37:05.065708 #3820]  WARN -- : discarding statistic item after validation error (Invalid timestamp): {:id=>"7", :namespace=>"application", :timestamp=>1663774470, :data=>"{\"duration\":10,\"latency_histogram\":[[0.001,2]],\"http_counters\":{\"status_404\":2,\"request_count\":2}}"}
W, [2022-09-21T15:37:05.065731 #3820]  WARN -- : discarding statistic item after validation error (Invalid timestamp): {:id=>"8", :namespace=>"application", :timestamp=>1663774480, :data=>"{\"duration\":10,\"latency_histogram\":[[0.001,1],[0.002,1]],\"http_counters\":{\"status_404\":2,\"request_count\":2}}"}
W, [2022-09-21T15:37:05.065764 #3820]  WARN -- : discarding statistic item after validation error (Invalid timestamp): {:id=>"9", :namespace=>"application", :timestamp=>1663774500, :data=>"{\"duration\":10,\"latency_histogram\":[[0.001,2]],\"http_counters\":{\"status_404\":2,\"request_count\":2}}"}
W, [2022-09-21T15:37:05.065790 #3820]  WARN -- : discarding statistic item after validation error (Invalid timestamp): {:id=>"10", :namespace=>"application", :timestamp=>1663774510, :data=>"{\"duration\":10,\"latency_histogram\":[[0.001,2]],\"http_counters\":{\"status_404\":2,\"request_count\":2}}"}
W, [2022-09-21T15:37:05.065811 #3820]  WARN -- : discarding statistic item after validation error (Invalid timestamp): {:id=>"11", :namespace=>"application", :timestamp=>1663774530, :data=>"{\"duration\":10,\"latency_histogram\":[[0.001,2]],\"http_counters\":{\"status_404\":2,\"request_count\":2}}"}
W, [2022-09-21T15:37:14.988686 #3820]  WARN -- : discarding statistic item after validation error (Invalid timestamp): {:id=>"0", :namespace=>"application", :timestamp=>1663774320, :data=>"{\"duration\":10,\"latency_histogram\":[[0.2,1]],\"http_counters\":{\"status_404\":1,\"request_count\":1}}"}
W, [2022-09-21T15:37:14.988763 #3820]  WARN -- : discarding statistic item after validation error (Invalid timestamp): {:id=>"1", :namespace=>"application", :timestamp=>1663774330, :data=>"{\"duration\":10,\"latency_histogram\":[[0.003,1]],\"http_counters\":{\"status_404\":1,\"request_count\":1}}"}
W, [2022-09-21T15:37:14.988793 #3820]  WARN -- : discarding statistic item after validation error (Invalid timestamp): {:id=>"2", :namespace=>"application", :timestamp=>1663774350, :data=>"{\"duration\":10,\"latency_histogram\":[[0.001,1],[0.002,1]],\"http_counters\":{\"status_404\":2,\"request_count\":2}}"}
F, [2022-09-21T15:41:22.816758 #3820] FATAL -- : /opt/elasticbeanstalk/lib/ruby/lib/ruby/gems/2.6.0/gems/puma-5.3.2/lib/puma/launcher.rb:476:in `block in setup_signals': SIGTERM (SignalException)
	from /opt/elasticbeanstalk/lib/ruby/lib/ruby/gems/2.6.0/gems/puma-5.3.2/lib/puma/single.rb:61:in `join'
	from /opt/elasticbeanstalk/lib/ruby/lib/ruby/gems/2.6.0/gems/puma-5.3.2/lib/puma/single.rb:61:in `run'
	from /opt/elasticbeanstalk/lib/ruby/lib/ruby/gems/2.6.0/gems/puma-5.3.2/lib/puma/launcher.rb:181:in `run'
	from /opt/elasticbeanstalk/lib/ruby/lib/ruby/gems/2.6.0/gems/puma-5.3.2/lib/puma/cli.rb:80:in `run'
	from /opt/elasticbeanstalk/lib/ruby/lib/ruby/gems/2.6.0/gems/healthd-1.0.6/bin/healthd:112:in `block in <top (required)>'
	from /opt/elasticbeanstalk/lib/ruby/lib/ruby/gems/2.6.0/gems/healthd-1.0.6/bin/healthd:19:in `chdir'
	from /opt/elasticbeanstalk/lib/ruby/lib/ruby/gems/2.6.0/gems/healthd-1.0.6/bin/healthd:19:in `<top (required)>'
	from /opt/elasticbeanstalk/lib/ruby/bin/healthd:23:in `load'
	from /opt/elasticbeanstalk/lib/ruby/bin/healthd:23:in `<main>'
A, [2022-09-21T15:41:24.117444 #4309]   ANY -- : healthd daemon 1.0.6 initialized
W, [2022-09-21T15:41:34.215149 #4309]  WARN -- : discarding statistic item after validation error (Invalid timestamp): {:id=>"0", :namespace=>"application", :timestamp=>1663774650, :data=>"{\"duration\":10,\"latency_histogram\":[[0.001,2],[0.002,1]],\"http_counters\":{\"status_404\":3,\"request_count\":3}}"}
W, [2022-09-21T15:41:34.215238 #4309]  WARN -- : discarding statistic item after validation error (Invalid timestamp): {:id=>"1", :namespace=>"application", :timestamp=>1663774660, :data=>"{\"duration\":10,\"latency_histogram\":[[0.001,1],[0.002,1]],\"http_counters\":{\"status_404\":2,\"request_count\":2}}"}
W, [2022-09-21T15:41:34.215267 #4309]  WARN -- : discarding statistic item after validation error (Invalid timestamp): {:id=>"2", :namespace=>"application", :timestamp=>1663774680, :data=>"{\"duration\":10,\"latency_histogram\":[[0.002,2]],\"http_counters\":{\"status_404\":2,\"request_count\":2}}"}
W, [2022-09-21T15:41:34.215288 #4309]  WARN -- : discarding statistic item after validation error (Invalid timestamp): {:id=>"3", :namespace=>"application", :timestamp=>1663774690, :data=>"{\"duration\":10,\"latency_histogram\":[[0.002,2]],\"http_counters\":{\"status_404\":2,\"request_count\":2}}"}
W, [2022-09-21T15:41:34.215318 #4309]  WARN -- : discarding statistic item after validation error (Invalid timestamp): {:id=>"4", :namespace=>"application", :timestamp=>1663774710, :data=>"{\"duration\":10,\"latency_histogram\":[[0.001,2]],\"http_counters\":{\"status_404\":2,\"request_count\":2}}"}
W, [2022-09-21T15:41:34.215340 #4309]  WARN -- : discarding statistic item after validation error (Invalid timestamp): {:id=>"5", :namespace=>"application", :timestamp=>1663774720, :data=>"{\"duration\":10,\"latency_histogram\":[[0.001,2]],\"http_counters\":{\"status_404\":2,\"request_count\":2}}"}
W, [2022-09-21T15:41:34.215360 #4309]  WARN -- : discarding statistic item after validation error (Invalid timestamp): {:id=>"6", :namespace=>"application", :timestamp=>1663774740, :data=>"{\"duration\":10,\"latency_histogram\":[[0.001,2]],\"http_counters\":{\"status_404\":2,\"request_count\":2}}"}
W, [2022-09-21T15:41:34.215379 #4309]  WARN -- : discarding statistic item after validation error (Invalid timestamp): {:id=>"7", :namespace=>"application", :timestamp=>1663774750, :data=>"{\"duration\":10,\"latency_histogram\":[[0.001,1],[0.002,1]],\"http_counters\":{\"status_404\":2,\"request_count\":2}}"}
W, [2022-09-21T15:41:34.215398 #4309]  WARN -- : discarding statistic item after validation error (Invalid timestamp): {:id=>"8", :namespace=>"application", :timestamp=>1663774770, :data=>"{\"duration\":10,\"latency_histogram\":[[0.001,2]],\"http_counters\":{\"status_404\":2,\"request_count\":2}}"}
W, [2022-09-21T15:41:34.215418 #4309]  WARN -- : discarding statistic item after validation error (Invalid timestamp): {:id=>"9", :namespace=>"application", :timestamp=>1663774780, :data=>"{\"duration\":10,\"latency_histogram\":[[0.001,2]],\"http_counters\":{\"status_404\":2,\"request_count\":2}}"}
W, [2022-09-21T15:41:34.215437 #4309]  WARN -- : discarding statistic item after validation error (Invalid timestamp): {:id=>"10", :namespace=>"application", :timestamp=>1663774800, :data=>"{\"duration\":10,\"latency_histogram\":[[0.001,1],[0.002,1]],\"http_counters\":{\"status_404\":2,\"request_count\":2}}"}
W, [2022-09-21T15:41:44.139381 #4309]  WARN -- : discarding statistic item after validation error (Invalid timestamp): {:id=>"0", :namespace=>"application", :timestamp=>1663774380, :data=>"{\"duration\":10,\"latency_histogram\":[[0.001,1],[0.002,1]],\"http_counters\":{\"status_404\":2,\"request_count\":2}}"}
W, [2022-09-21T15:41:44.139453 #4309]  WARN -- : discarding statistic item after validation error (Invalid timestamp): {:id=>"1", :namespace=>"application", :timestamp=>1663774390, :data=>"{\"duration\":10,\"latency_histogram\":[[0.001,1],[0.002,1]],\"http_counters\":{\"status_404\":2,\"request_count\":2}}"}
W, [2022-09-21T15:41:44.139494 #4309]  WARN -- : discarding statistic item after validation error (Invalid timestamp): {:id=>"2", :namespace=>"application", :timestamp=>1663774410, :data=>"{\"duration\":10,\"latency_histogram\":[[0.001,2]],\"http_counters\":{\"status_404\":2,\"request_count\":2}}"}
W, [2022-09-21T15:41:44.139529 #4309]  WARN -- : discarding statistic item after validation error (Invalid timestamp): {:id=>"3", :namespace=>"application", :timestamp=>1663774420, :data=>"{\"duration\":10,\"latency_histogram\":[[0.001,1],[0.002,1]],\"http_counters\":{\"status_404\":2,\"request_count\":2}}"}
W, [2022-09-21T15:41:44.139550 #4309]  WARN -- : discarding statistic item after validation error (Invalid timestamp): {:id=>"4", :namespace=>"application", :timestamp=>1663774440, :data=>"{\"duration\":10,\"latency_histogram\":[[0.001,1],[0.002,1]],\"http_counters\":{\"status_404\":2,\"request_count\":2}}"}
W, [2022-09-21T15:41:44.139572 #4309]  WARN -- : discarding statistic item after validation error (Invalid timestamp): {:id=>"5", :namespace=>"application", :timestamp=>1663774450, :data=>"{\"duration\":10,\"latency_histogram\":[[0.001,2]],\"http_counters\":{\"status_404\":2,\"request_count\":2}}"}
W, [2022-09-21T15:41:44.139602 #4309]  WARN -- : discarding statistic item after validation error (Invalid timestamp): {:id=>"6", :namespace=>"application", :timestamp=>1663774470, :data=>"{\"duration\":10,\"latency_histogram\":[[0.001,2]],\"http_counters\":{\"status_404\":2,\"request_count\":2}}"}
W, [2022-09-21T15:41:44.139624 #4309]  WARN -- : discarding statistic item after validation error (Invalid timestamp): {:id=>"7", :namespace=>"application", :timestamp=>1663774480, :data=>"{\"duration\":10,\"latency_histogram\":[[0.001,1],[0.002,1]],\"http_counters\":{\"status_404\":2,\"request_count\":2}}"}
W, [2022-09-21T15:41:44.139644 #4309]  WARN -- : discarding statistic item after validation error (Invalid timestamp): {:id=>"8", :namespace=>"application", :timestamp=>1663774500, :data=>"{\"duration\":10,\"latency_histogram\":[[0.001,2]],\"http_counters\":{\"status_404\":2,\"request_count\":2}}"}
W, [2022-09-21T15:41:44.139664 #4309]  WARN -- : discarding statistic item after validation error (Invalid timestamp): {:id=>"9", :namespace=>"application", :timestamp=>1663774510, :data=>"{\"duration\":10,\"latency_histogram\":[[0.001,2]],\"http_counters\":{\"status_404\":2,\"request_count\":2}}"}
W, [2022-09-21T15:41:44.139684 #4309]  WARN -- : discarding statistic item after validation error (Invalid timestamp): {:id=>"10", :namespace=>"application", :timestamp=>1663774530, :data=>"{\"duration\":10,\"latency_histogram\":[[0.001,2]],\"http_counters\":{\"status_404\":2,\"request_count\":2}}"}
W, [2022-09-21T15:41:44.139704 #4309]  WARN -- : discarding statistic item after validation error (Invalid timestamp): {:id=>"11", :namespace=>"application", :timestamp=>1663774540, :data=>"{\"duration\":10,\"latency_histogram\":[[0.001,2]],\"http_counters\":{\"status_404\":2,\"request_count\":2}}"}
W, [2022-09-21T15:41:44.139724 #4309]  WARN -- : discarding statistic item after validation error (Invalid timestamp): {:id=>"12", :namespace=>"application", :timestamp=>1663774560, :data=>"{\"duration\":10,\"latency_histogram\":[[0.001,2]],\"http_counters\":{\"status_404\":2,\"request_count\":2}}"}
W, [2022-09-21T15:41:44.139744 #4309]  WARN -- : discarding statistic item after validation error (Invalid timestamp): {:id=>"13", :namespace=>"application", :timestamp=>1663774570, :data=>"{\"duration\":10,\"latency_histogram\":[[0.001,1],[0.002,1]],\"http_counters\":{\"status_404\":2,\"request_count\":2}}"}
W, [2022-09-21T15:41:44.139765 #4309]  WARN -- : discarding statistic item after validation error (Invalid timestamp): {:id=>"14", :namespace=>"application", :timestamp=>1663774590, :data=>"{\"duration\":10,\"latency_histogram\":[[0.001,2]],\"http_counters\":{\"status_404\":2,\"request_count\":2}}"}
W, [2022-09-21T15:41:44.139785 #4309]  WARN -- : discarding statistic item after validation error (Invalid timestamp): {:id=>"15", :namespace=>"application", :timestamp=>1663774600, :data=>"{\"duration\":10,\"latency_histogram\":[[0.001,2]],\"http_counters\":{\"status_404\":2,\"request_count\":2}}"}
W, [2022-09-21T15:41:44.139805 #4309]  WARN -- : discarding statistic item after validation error (Invalid timestamp): {:id=>"16", :namespace=>"application", :timestamp=>1663774620, :data=>"{\"duration\":10,\"latency_histogram\":[[0.001,2]],\"http_counters\":{\"status_404\":2,\"request_count\":2}}"}
W, [2022-09-21T15:41:44.139824 #4309]  WARN -- : discarding statistic item after validation error (Invalid timestamp): {:id=>"17", :namespace=>"application", :timestamp=>1663774630, :data=>"{\"duration\":10,\"latency_histogram\":[[0.002,1],[0.012,1]],\"http_counters\":{\"status_404\":2,\"request_count\":2}}"}
